<?xml version="1.0" encoding="UTF-8"?>
<!-- Generated by org.testng.reporters.JUnitReportReporter -->
<testsuite hostname="DESKTOP-QD1I7FB" failures="0" tests="1" name="com.test.Dataprovider_excel" time="0.293" errors="1" timestamp="2024-03-21T12:37:04 IST" skipped="0">
  <testcase classname="com.test.Dataprovider_excel" name="beforetest" time="0.293">
    <error message="Unable to obtain: Capabilities {browserName: chrome, goog:chromeOptions: {args: [], extensions: []}}, error Command failed with code: 2, executed: [--browser, chrome, --language-binding, java, --output, json]
error: unexpected argument &#039;--language-binding&#039; found

Usage: selenium-manager.exe &lt;--browser &lt;BROWSER&gt;|--driver &lt;DRIVER&gt;|--grid [&lt;GRID_VERSION&gt;]|--driver-version &lt;DRIVER_VERSION&gt;|--browser-version &lt;BROWSER_VERSION&gt;|--browser-path &lt;BROWSER_PATH&gt;|--driver-mirror-url &lt;DRIVER_MIRROR_URL&gt;|--browser-mirror-url &lt;BROWSER_MIRROR_URL&gt;|--output &lt;OUTPUT&gt;|--os &lt;OS&gt;|--arch &lt;ARCH&gt;|--proxy &lt;PROXY&gt;|--timeout &lt;TIMEOUT&gt;|--ttl &lt;TTL&gt;|--cache-path &lt;CACHE_PATH&gt;|--clear-cache|--clear-metadata|--debug|--trace|--offline|--force-browser-download|--avoid-browser-download&gt;

For more information, try &#039;--help&#039;.
" type="org.openqa.selenium.remote.NoSuchDriverException">
      <![CDATA[org.openqa.selenium.remote.NoSuchDriverException: Unable to obtain: Capabilities {browserName: chrome, goog:chromeOptions: {args: [], extensions: []}}, error Command failed with code: 2, executed: [--browser, chrome, --language-binding, java, --output, json]
error: unexpected argument '--language-binding' found

Usage: selenium-manager.exe <--browser <BROWSER>|--driver <DRIVER>|--grid [<GRID_VERSION>]|--driver-version <DRIVER_VERSION>|--browser-version <BROWSER_VERSION>|--browser-path <BROWSER_PATH>|--driver-mirror-url <DRIVER_MIRROR_URL>|--browser-mirror-url <BROWSER_MIRROR_URL>|--output <OUTPUT>|--os <OS>|--arch <ARCH>|--proxy <PROXY>|--timeout <TIMEOUT>|--ttl <TTL>|--cache-path <CACHE_PATH>|--clear-cache|--clear-metadata|--debug|--trace|--offline|--force-browser-download|--avoid-browser-download>

For more information, try '--help'.

at org.openqa.selenium.remote.service.DriverFinder.getPath(DriverFinder.java:48)
at org.openqa.selenium.remote.service.DriverFinder.getPath(DriverFinder.java:33)
at org.openqa.selenium.chrome.ChromeDriver.generateExecutor(ChromeDriver.java:99)
at org.openqa.selenium.chrome.ChromeDriver.<init>(ChromeDriver.java:89)
at org.openqa.selenium.chrome.ChromeDriver.<init>(ChromeDriver.java:84)
at org.openqa.selenium.chrome.ChromeDriver.<init>(ChromeDriver.java:52)
at com.test.Dataprovider_excel.beforetest(Dataprovider_excel.java:16)
at java.base/jdk.internal.reflect.NativeMethodAccessorImpl.invoke0(Native Method)
at java.base/jdk.internal.reflect.NativeMethodAccessorImpl.invoke(NativeMethodAccessorImpl.java:77)
at java.base/jdk.internal.reflect.DelegatingMethodAccessorImpl.invoke(DelegatingMethodAccessorImpl.java:43)
at java.base/java.lang.reflect.Method.invoke(Method.java:568)
at org.testng.internal.invokers.MethodInvocationHelper.invokeMethod(MethodInvocationHelper.java:139)
at org.testng.internal.invokers.MethodInvocationHelper.invokeMethodConsideringTimeout(MethodInvocationHelper.java:69)
at org.testng.internal.invokers.ConfigInvoker.invokeConfigurationMethod(ConfigInvoker.java:361)
at org.testng.internal.invokers.ConfigInvoker.invokeConfigurations(ConfigInvoker.java:296)
at org.testng.TestRunner.invokeTestConfigurations(TestRunner.java:644)
at org.testng.TestRunner.beforeRun(TestRunner.java:633)
at org.testng.TestRunner.run(TestRunner.java:595)
at org.testng.SuiteRunner.runTest(SuiteRunner.java:437)
at org.testng.SuiteRunner.runSequentially(SuiteRunner.java:431)
at org.testng.SuiteRunner.privateRun(SuiteRunner.java:391)
at org.testng.SuiteRunner.run(SuiteRunner.java:330)
at org.testng.SuiteRunnerWorker.runSuite(SuiteRunnerWorker.java:52)
at org.testng.SuiteRunnerWorker.run(SuiteRunnerWorker.java:95)
at org.testng.TestNG.runSuitesSequentially(TestNG.java:1256)
at org.testng.TestNG.runSuitesLocally(TestNG.java:1176)
at org.testng.TestNG.runSuites(TestNG.java:1099)
at org.testng.TestNG.run(TestNG.java:1067)
at org.testng.remote.AbstractRemoteTestNG.run(AbstractRemoteTestNG.java:115)
at org.testng.remote.RemoteTestNG.initAndRun(RemoteTestNG.java:251)
at org.testng.remote.RemoteTestNG.main(RemoteTestNG.java:77)
Caused by: org.openqa.selenium.WebDriverException: Command failed with code: 2, executed: [--browser, chrome, --language-binding, java, --output, json]
error: unexpected argument '--language-binding' found

Usage: selenium-manager.exe <--browser <BROWSER>|--driver <DRIVER>|--grid [<GRID_VERSION>]|--driver-version <DRIVER_VERSION>|--browser-version <BROWSER_VERSION>|--browser-path <BROWSER_PATH>|--driver-mirror-url <DRIVER_MIRROR_URL>|--browser-mirror-url <BROWSER_MIRROR_URL>|--output <OUTPUT>|--os <OS>|--arch <ARCH>|--proxy <PROXY>|--timeout <TIMEOUT>|--ttl <TTL>|--cache-path <CACHE_PATH>|--clear-cache|--clear-metadata|--debug|--trace|--offline|--force-browser-download|--avoid-browser-download>

For more information, try '--help'.

at org.openqa.selenium.manager.SeleniumManager.runCommand(SeleniumManager.java:159)
at org.openqa.selenium.manager.SeleniumManager.getDriverPath(SeleniumManager.java:303)
at org.openqa.selenium.remote.service.DriverFinder.getPath(DriverFinder.java:45)
... 30 more
Caused by: org.openqa.selenium.json.JsonException: Unable to parse: error: unexpected argument '--language-binding' found

Usage: selenium-manager.exe <--browser <BROWSER>|--driver <DRIVER>|--grid [<GRID_VERSION>]|--driver-version <DRIVER_VERSION>|--browser-version <BROWSER_VERSION>|--browser-path <BROWSER_PATH>|--driver-mirror-url <DRIVER_MIRROR_URL>|--browser-mirror-url <BROWSER_MIRROR_URL>|--output <OUTPUT>|--os <OS>|--arch <ARCH>|--proxy <PROXY>|--timeout <TIMEOUT>|--ttl <TTL>|--cache-path <CACHE_PATH>|--clear-cache|--clear-metadata|--debug|--trace|--offline|--force-browser-download|--avoid-browser-download>

For more information, try '--help'.

at org.openqa.selenium.json.Json.toType(Json.java:169)
at org.openqa.selenium.json.Json.toType(Json.java:152)
at org.openqa.selenium.manager.SeleniumManager.runCommand(SeleniumManager.java:144)
... 32 more
Caused by: org.openqa.selenium.json.JsonException: Unable to determine type from: e. Last 1 characters read: e, next 128 characters to read: rror: unexpected argument '--language-binding' found

Usage: selenium-manager.exe <--browser <BROWSER>|--driver <DRIVER>|--grid 
Build info: version: '4.18.1', revision: 'b1d3319b48'
System info: os.name: 'Windows 10', os.arch: 'amd64', os.version: '10.0', java.version: '17.0.7'
Driver info: driver.version: ChromeDriver
at org.openqa.selenium.json.JsonInput.peek(JsonInput.java:166)
at org.openqa.selenium.json.JsonTypeCoercer.lambda$buildCoercer$6(JsonTypeCoercer.java:167)
at org.openqa.selenium.json.JsonTypeCoercer.coerce(JsonTypeCoercer.java:146)
at org.openqa.selenium.json.Json.toType(Json.java:206)
at org.openqa.selenium.json.Json.toType(Json.java:167)
... 34 more
]]>
    </error>
  </testcase> <!-- beforetest -->
  <system-out/>
</testsuite> <!-- com.test.Dataprovider_excel -->
